<?xml version="1.0" encoding="UTF-8"?>
<!-- Generated by org.testng.reporters.JUnitReportReporter -->
<testsuite hostname="nakshatra" failures="0" tests="1" name="amazonfirstproject.Project1_Amazon.Testcase_5" time="17.333" errors="0" timestamp="2025-01-24T10:34:57 IST" skipped="0">
  <testcase classname="amazonfirstproject.Project1_Amazon.Testcase_5" name="search_1" time="17.333"/>
</testsuite> <!-- amazonfirstproject.Project1_Amazon.Testcase_5 -->
