<?xml version="1.0" encoding="UTF-8"?>
<!-- Generated by org.testng.reporters.JUnitReportReporter -->
<testsuite hostname="nakshatra" failures="0" tests="1" name="amazonfirstproject.Project1_Amazon.Testcase_13" time="26.804" errors="0" timestamp="2024-12-24T21:40:41 IST" skipped="0">
  <testcase classname="amazonfirstproject.Project1_Amazon.Testcase_13" name="applycoupon" time="26.804"/>
  <system-out/>
</testsuite> <!-- amazonfirstproject.Project1_Amazon.Testcase_13 -->
