<?xml version="1.0" encoding="UTF-8"?>
<!-- Generated by org.testng.reporters.JUnitReportReporter -->
<testsuite hostname="nakshatra" failures="0" tests="1" name="amazonfirstproject.Project1_Amazon.Testcase_1" time="10.103" errors="0" timestamp="2024-12-19T09:13:18 IST" skipped="0">
  <testcase classname="amazonfirstproject.Project1_Amazon.Testcase_1" name="startnewuser" time="10.103"/>
  <system-out/>
</testsuite> <!-- amazonfirstproject.Project1_Amazon.Testcase_1 -->
