<?xml version="1.0" encoding="UTF-8"?>
<!-- Generated by org.testng.reporters.JUnitReportReporter -->
<testsuite hostname="nakshatra" failures="0" tests="1" name="amazonfirstproject.Project1_Amazon.Testcase14" time="38.735" errors="0" timestamp="2024-12-24T15:16:21 IST" skipped="0">
  <testcase classname="amazonfirstproject.Project1_Amazon.Testcase14" name="rating" time="38.735"/>
  <system-out/>
</testsuite> <!-- amazonfirstproject.Project1_Amazon.Testcase14 -->
