<?xml version="1.0" encoding="UTF-8"?>
<!-- Generated by org.testng.reporters.JUnitReportReporter -->
<testsuite hostname="nakshatra" failures="0" tests="1" name="amazonfirstproject.Project1_Amazon.Testcase_7" time="15.633" errors="0" timestamp="2024-12-21T11:26:26 IST" skipped="0">
  <testcase classname="amazonfirstproject.Project1_Amazon.Testcase_7" name="productdesc" time="15.633"/>
  <system-out/>
</testsuite> <!-- amazonfirstproject.Project1_Amazon.Testcase_7 -->
