<?xml version="1.0" encoding="UTF-8"?>
<!-- Generated by org.testng.reporters.JUnitReportReporter -->
<testsuite hostname="nakshatra" failures="0" tests="1" name="amazonfirstproject.Project1_Amazon.Testcase_3" time="7.436" errors="0" timestamp="2024-12-18T15:58:46 IST" skipped="0">
  <testcase classname="amazonfirstproject.Project1_Amazon.Testcase_3" name="invalidlogin" time="7.436"/>
  <system-out/>
</testsuite> <!-- amazonfirstproject.Project1_Amazon.Testcase_3 -->
