<?xml version="1.0" encoding="UTF-8"?>
<!-- Generated by org.testng.reporters.JUnitReportReporter -->
<testsuite hostname="nakshatra" failures="0" tests="1" name="amazonfirstproject.Project1_Amazon.Testcase_4" time="30.754" errors="0" timestamp="2025-01-14T22:23:12 IST" skipped="0">
  <testcase classname="amazonfirstproject.Project1_Amazon.Testcase_4" name="editprofile" time="30.754"/>
  <system-out/>
</testsuite> <!-- amazonfirstproject.Project1_Amazon.Testcase_4 -->
