<?xml version="1.0" encoding="UTF-8"?>
<!-- Generated by org.testng.reporters.JUnitReportReporter -->
<testsuite hostname="nakshatra" failures="0" tests="1" name="amazonfirstproject.Project1_Amazon.Testcase_12" time="51.404" errors="0" timestamp="2024-12-24T15:37:15 IST" skipped="0">
  <testcase classname="amazonfirstproject.Project1_Amazon.Testcase_12" name="securepayment" time="51.404"/>
  <system-out/>
</testsuite> <!-- amazonfirstproject.Project1_Amazon.Testcase_12 -->
