<?xml version="1.0" encoding="UTF-8"?>
<!-- Generated by org.testng.reporters.JUnitReportReporter -->
<testsuite hostname="nakshatra" failures="0" tests="1" name="amazonfirstproject.Project1_Amazon.Testcase_5" time="11.753" errors="0" timestamp="2025-01-24T10:26:12 IST" skipped="0">
  <testcase classname="amazonfirstproject.Project1_Amazon.Testcase_5" name="search_1" time="11.753"/>
  <system-out/>
</testsuite> <!-- amazonfirstproject.Project1_Amazon.Testcase_5 -->
