<?xml version="1.0" encoding="UTF-8"?>
<!-- Generated by org.testng.reporters.JUnitReportReporter -->
<testsuite hostname="nakshatra" failures="0" tests="1" name="amazonfirstproject.Project1_Amazon.Testcase_15" time="38.430" errors="0" timestamp="2024-12-24T14:36:28 IST" skipped="0">
  <testcase classname="amazonfirstproject.Project1_Amazon.Testcase_15" name="withoutlogin" time="38.430"/>
  <system-out/>
</testsuite> <!-- amazonfirstproject.Project1_Amazon.Testcase_15 -->
